[
  {
    "file_path": "tests/unit/angular_service_test.ts",
    "compilation_success": false,
    "execution_success": false,
    "llvm_ir_valid": false,
    "errors": [
      "Compilation failed: 'r600' is not a recognized processor for this target (ignoring processor)\n'r600' is not a recognized processor for this target (ignoring processor)\n'r600' is not a recognized processor for this target (ignoring processor)\n'r600' is not a recognized processor for this target (ignoring processor)\ntests/unit/angular_service_test.ts:8:18: error: Expected type name [TS1007]\ntests/unit/angular_service_test.ts:8:18: error: Expected ';' after interface property [TS1007]\ntests/unit/angular_service_test.ts:9:12: error: Unexpected token in expression [TS1007]\ntests/unit/angular_service_test.ts:9:20: error: Unexpected token in expression [TS1007]\ntests/unit/angular_service_test.ts:9:20: error: Expected ';' after expression [TS1007]\ntests/unit/angular_service_test.ts:10:2: error: Unexpected token in expression [TS1007]\ntests/unit/angular_service_test.ts:10:2: error: Expected ';' after expression [TS1007]\ntests/unit/angular_service_test.ts:17:18: error: Expected parameter name [TS1007]\ntests/unit/angular_service_test.ts:22:54: error: Expected property name after '.' [TS1007]\ntests/unit/angular_service_test.ts:22:54: error: Expected ')' after constructor arguments [TS1007]\ntests/unit/angular_service_test.ts:23:10: error: Unexpected token in expression [TS1007]\ntests/unit/angular_service_test.ts:23:10: error: Expected ';' after expression [TS1007]\ntests/unit/angular_service_test.ts:25:42: error: Expected ')' after constructor arguments [TS1007]\ntests/unit/angular_service_test.ts:33:39: error: Expected property name after '.' [TS1007]\ntests/unit/angular_service_test.ts:33:39: error: Expected ';' after expression [TS1007]\ntests/unit/angular_service_test.ts:34:22: error: Unexpected token in expression [TS1007]\ntests/unit/angular_service_test.ts:34:22: error: Expected ';' after expression [TS1007]\ntests/unit/angular_service_test.ts:38:18: error: Unexpected token in expression [TS1007]\ntests/unit/angular_service_test.ts:38:18: error: Expected ';' after expression [TS1007]\ntests/unit/angular_service_test.ts:40:10: error: Unexpected token in expression [TS1007]\ntests/unit/angular_service_test.ts:40:10: error: Expected ';' after expression [TS1007]\ntests/unit/angular_service_test.ts:41:6: error: Unexpected token in expression [TS1007]\ntests/unit/angular_service_test.ts:41:6: error: Expected ';' after expression [TS1007]\ntests/unit/angular_service_test.ts:44:42: error: Expected ')' after constructor arguments [TS1007]\ntests/unit/angular_service_test.ts:56:18: error: Unexpected token in expression [TS1007]\ntests/unit/angular_service_test.ts:56:18: error: Expected ';' after expression [TS1007]\ntests/unit/angular_service_test.ts:58:10: error: Unexpected token in expression [TS1007]\ntests/unit/angular_service_test.ts:58:10: error: Expected ';' after expression [TS1007]\ntests/unit/angular_service_test.ts:59:6: error: Unexpected token in expression [TS1007]\ntests/unit/angular_service_test.ts:59:6: error: Expected ';' after expression [TS1007]\ntests/unit/angular_service_test.ts:63:33: error: Expected '>' after type parameters [TS1007]\ntests/unit/angular_service_test.ts:66:16: error: Unexpected token in expression [TS1007]\ntests/unit/angular_service_test.ts:66:16: error: Expected ';' after expression [TS1007]\ntests/unit/angular_service_test.ts:68:6: error: Unexpected token in expression [TS1007]\ntests/unit/angular_service_test.ts:68:6: error: Expected ';' after expression [TS1007]\ntests/unit/angular_service_test.ts:72:13: error: Unexpected token in expression [TS1007]\ntests/unit/angular_service_test.ts:72:13: error: Expected ';' after expression [TS1007]\ntests/unit/angular_service_test.ts:74:13: error: Unexpected token in expression [TS1007]\ntests/unit/angular_service_test.ts:74:13: error: Expected ';' after expression [TS1007]\ntests/unit/angular_service_test.ts:75:2: error: Unexpected token in expression [TS1007]\ntests/unit/angular_service_test.ts:75:2: error: Expected ';' after expression [TS1007]\ntests/unit/angular_service_test.ts:84:36: error: Expected property name after '.' [TS1007]\ntests/unit/angular_service_test.ts:84:36: error: Expected ';' after return statement [TS1007]\ntests/unit/angular_service_test.ts:85:6: error: Unexpected token in expression [TS1007]\ntests/unit/angular_service_test.ts:85:6: error: Expected ';' after expression [TS1007]\ntests/unit/angular_service_test.ts:89:6: error: Unexpected token in expression [TS1007]\ntests/unit/angular_service_test.ts:89:6: error: Expected ';' after expression [TS1007]\ntests/unit/angular_service_test.ts:92:42: error: Expected ')' after constructor arguments [TS1007]\ntests/unit/angular_service_test.ts:99:18: error: Unexpected token in expression [TS1007]\ntests/unit/angular_service_test.ts:99:18: error: Expected ';' after expression [TS1007]\ntests/unit/angular_service_test.ts:101:10: error: Unexpected token in expression [TS1007]\ntests/unit/angular_service_test.ts:101:10: error: Expected ';' after expression [TS1007]\ntests/unit/angular_service_test.ts:102:6: error: Unexpected token in expression [TS1007]\ntests/unit/angular_service_test.ts:102:6: error: Expected ';' after expression [TS1007]\nCompilation failed: Syntax analysis failed\n\nCompilation summary: 54 error(s)\n"
    ],
    "warnings": [],
    "execution_time": 0.02154827117919922
  },
  {
    "file_path": "tests/unit/arc_design_patterns.ts",
    "compilation_success": false,
    "execution_success": false,
    "llvm_ir_valid": false,
    "errors": [
      "Compilation failed: 'r600' is not a recognized processor for this target (ignoring processor)\n'r600' is not a recognized processor for this target (ignoring processor)\n'r600' is not a recognized processor for this target (ignoring processor)\n'r600' is not a recognized processor for this target (ignoring processor)\ntests/unit/arc_design_patterns.ts:7:29: note: Suggestion: Expected class member (method, property, constructor, or destructor) [TS1009_suggestion]\ntests/unit/arc_design_patterns.ts:7:29: error: Invalid declaration syntax. [TS1009]\ntests/unit/arc_design_patterns.ts:48:64: error: Expected '>' after generic type arguments [TS1007]\ntests/unit/arc_design_patterns.ts:50:16: error: Unexpected token in expression [TS1007]\ntests/unit/arc_design_patterns.ts:50:16: error: Expected ';' after expression [TS1007]\ntests/unit/arc_design_patterns.ts:52:6: error: Unexpected token in expression [TS1007]\ntests/unit/arc_design_patterns.ts:52:6: error: Expected ';' after expression [TS1007]\ntests/unit/arc_design_patterns.ts:56:33: error: Expected property name after '.' [TS1007]\ntests/unit/arc_design_patterns.ts:56:33: error: Expected ';' after expression [TS1007]\ntests/unit/arc_design_patterns.ts:57:10: error: Unexpected token in expression [TS1007]\ntests/unit/arc_design_patterns.ts:57:10: error: Expected ';' after expression [TS1007]\ntests/unit/arc_design_patterns.ts:62:6: error: Unexpected token in expression [TS1007]\ntests/unit/arc_design_patterns.ts:62:6: error: Expected ';' after expression [TS1007]\ntests/unit/arc_design_patterns.ts:65:47: error: Expected property name after '.' [TS1007]\ntests/unit/arc_design_patterns.ts:65:47: error: Expected ';' after variable declaration [TS1007]\ntests/unit/arc_design_patterns.ts:69:60: error: Expected ')' after function call arguments [TS1007]\ntests/unit/arc_design_patterns.ts:71:27: error: Expected ';' after return statement [TS1007]\ntests/unit/arc_design_patterns.ts:72:10: error: Unexpected token in expression [TS1007]\ntests/unit/arc_design_patterns.ts:72:10: error: Expected ';' after expression [TS1007]\ntests/unit/arc_design_patterns.ts:74:29: error: Expected property name after '.' [TS1007]\ntests/unit/arc_design_patterns.ts:74:29: error: Expected ';' after expression [TS1007]\ntests/unit/arc_design_patterns.ts:80:6: error: Unexpected token in expression [TS1007]\ntests/unit/arc_design_patterns.ts:80:6: error: Expected ';' after expression [TS1007]\ntests/unit/arc_design_patterns.ts:85:16: error: Expected type name [TS1007]\ntests/unit/arc_design_patterns.ts:85:16: note: Suggestion: Expected class member (method, property, constructor, or destructor) [TS1009_suggestion]\ntests/unit/arc_design_patterns.ts:85:16: error: Invalid declaration syntax. [TS1009]\ntests/unit/arc_design_patterns.ts:87:28: error: Expected type name [TS1007]\ntests/unit/arc_design_patterns.ts:87:28: error: Expected ')' after constructor parameters [TS1007]\ntests/unit/arc_design_patterns.ts:89:6: error: Unexpected token in expression [TS1007]\ntests/unit/arc_design_patterns.ts:89:6: error: Expected ';' after expression [TS1007]\ntests/unit/arc_design_patterns.ts:93:6: error: Unexpected token in expression [TS1007]\ntests/unit/arc_design_patterns.ts:93:6: error: Expected ';' after expression [TS1007]\ntests/unit/arc_design_patterns.ts:98:57: error: Expected '>' after generic type arguments [TS1007]\ntests/unit/arc_design_patterns.ts:100:16: error: Unexpected token in expression [TS1007]\ntests/unit/arc_design_patterns.ts:100:16: error: Expected ';' after expression [TS1007]\ntests/unit/arc_design_patterns.ts:102:6: error: Unexpected token in expression [TS1007]\ntests/unit/arc_design_patterns.ts:102:6: error: Expected ';' after expression [TS1007]\ntests/unit/arc_design_patterns.ts:105:42: error: Expected property name after '.' [TS1007]\ntests/unit/arc_design_patterns.ts:105:42: error: Expected ';' after variable declaration [TS1007]\ntests/unit/arc_design_patterns.ts:108:31: error: Expected property name after '.' [TS1007]\ntests/unit/arc_design_patterns.ts:108:31: error: Expected ';' after expression [TS1007]\ntests/unit/arc_design_patterns.ts:109:10: error: Unexpected token in expression [TS1007]\ntests/unit/arc_design_patterns.ts:109:10: error: Expected ';' after expression [TS1007]\ntests/unit/arc_design_patterns.ts:111:6: error: Unexpected token in expression [TS1007]\ntests/unit/arc_design_patterns.ts:111:6: error: Expected ';' after expression [TS1007]\ntests/unit/arc_design_patterns.ts:115:6: error: Unexpected token in expression [TS1007]\ntests/unit/arc_design_patterns.ts:115:6: error: Expected ';' after expression [TS1007]\ntests/unit/arc_design_patterns.ts:140:55: error: Expected '>' after generic type arguments [TS1007]\ntests/unit/arc_design_patterns.ts:141:12: error: Unexpected token in expression [TS1007]\ntests/unit/arc_design_patterns.ts:141:12: error: Expected ';' after expression [TS1007]\ntests/unit/arc_design_patterns.ts:142:12: error: Unexpected token in expression [TS1007]\ntests/unit/arc_design_patterns.ts:142:12: error: Expected ';' after expression [TS1007]\ntests/unit/arc_design_patterns.ts:144:16: error: Unexpected token in expression [TS1007]\ntests/unit/arc_design_patterns.ts:144:16: error: Expected ';' after expression [TS1007]\ntests/unit/arc_design_patterns.ts:148:6: error: Unexpected token in expression [TS1007]\ntests/unit/arc_design_patterns.ts:148:6: error: Expected ';' after expression [TS1007]\ntests/unit/arc_design_patterns.ts:151:37: error: Expected property name after '.' [TS1007]\ntests/unit/arc_design_patterns.ts:151:37: error: Expected ';' after variable declaration [TS1007]\ntests/unit/arc_design_patterns.ts:155:56: error: Expected ')' after function call arguments [TS1007]\ntests/unit/arc_design_patterns.ts:159:6: error: Unexpected token in expression [TS1007]\ntests/unit/arc_design_patterns.ts:159:6: error: Expected ';' after expression [TS1007]\ntests/unit/arc_design_patterns.ts:164:53: error: Expected ';' after variable declaration [TS1007]\ntests/unit/arc_design_patterns.ts:165:30: error: Expected property name after '.' [TS1007]\ntests/unit/arc_design_patterns.ts:165:30: error: Expected ';' after expression [TS1007]\ntests/unit/arc_design_patterns.ts:166:10: error: Unexpected token in expression [TS1007]\ntests/unit/arc_design_patterns.ts:166:10: error: Expected ';' after expression [TS1007]\ntests/unit/arc_design_patterns.ts:170:23: error: Expected property name after '.' [TS1007]\ntests/unit/arc_design_patterns.ts:170:23: error: Expected ';' after expression [TS1007]\ntests/unit/arc_design_patterns.ts:172:6: error: Unexpected token in expression [TS1007]\ntests/unit/arc_design_patterns.ts:172:6: error: Expected ';' after expression [TS1007]\ntests/unit/arc_design_patterns.ts:192:59: error: Expected '>' after generic type arguments [TS1007]\ntests/unit/arc_design_patterns.ts:194:16: error: Unexpected token in expression [TS1007]\ntests/unit/arc_design_patterns.ts:194:16: error: Expected ';' after expression [TS1007]\ntests/unit/arc_design_patterns.ts:196:6: error: Unexpected token in expression [TS1007]\ntests/unit/arc_design_patterns.ts:196:6: error: Expected ';' after expression [TS1007]\ntests/unit/arc_design_patterns.ts:201:6: error: Unexpected token in expression [TS1007]\ntests/unit/arc_design_patterns.ts:201:6: error: Expected ';' after expression [TS1007]\ntests/unit/arc_design_patterns.ts:204:46: error: Expected property name after '.' [TS1007]\ntests/unit/arc_design_patterns.ts:204:46: error: Expected ';' after variable declaration [TS1007]\ntests/unit/arc_design_patterns.ts:208:6: error: Unexpected token in expression [TS1007]\ntests/unit/arc_design_patterns.ts:208:6: error: Expected ';' after expression [TS1007]\ntests/unit/arc_design_patterns.ts:234:42: note: Suggestion: Expected class member (method, property, constructor, or destructor) [TS1009_suggestion]\ntests/unit/arc_design_patterns.ts:234:42: error: Invalid declaration syntax. [TS1009]\ntests/unit/arc_design_patterns.ts:235:44: note: Suggestion: Expected class member (method, property, constructor, or destructor) [TS1009_suggestion]\ntests/unit/arc_design_patterns.ts:235:44: error: Invalid declaration syntax. [TS1009]\ntests/unit/arc_design_patterns.ts:249:36: error: Expected ')' after if condition [TS1007]\ntests/unit/arc_design_patterns.ts:251:44: error: Expected ';' after variable declaration [TS1007]\ntests/unit/arc_design_patterns.ts:254:6: error: Unexpected token in expression [TS1007]\ntests/unit/arc_design_patterns.ts:254:6: error: Expected ';' after expression [TS1007]\nCompilation failed: Syntax analysis failed\n\nCompilation summary: 85 error(s)\n"
    ],
    "warnings": [],
    "execution_time": 0.024936914443969727
  },
  {
    "file_path": "tests/unit/arc_regression_tests.ts",
    "compilation_success": false,
    "execution_success": false,
    "llvm_ir_valid": false,
    "errors": [
      "Compilation failed: 'r600' is not a recognized processor for this target (ignoring processor)\n'r600' is not a recognized processor for this target (ignoring processor)\n'r600' is not a recognized processor for this target (ignoring processor)\n'r600' is not a recognized processor for this target (ignoring processor)\ntests/unit/arc_regression_tests.ts:22:40: error: Expected ';' after variable declaration [TS1007]\ntests/unit/arc_regression_tests.ts:29:2: error: Unexpected token in expression [TS1007]\ntests/unit/arc_regression_tests.ts:29:2: error: Expected ';' after expression [TS1007]\ntests/unit/arc_regression_tests.ts:107:14: error: Expected property name after '.' [TS1007]\ntests/unit/arc_regression_tests.ts:107:14: error: Expected ';' after expression [TS1007]\ntests/unit/arc_regression_tests.ts:108:14: error: Expected property name after '.' [TS1007]\ntests/unit/arc_regression_tests.ts:108:14: error: Expected ';' after expression [TS1007]\ntests/unit/arc_regression_tests.ts:115:2: error: Unexpected token in expression [TS1007]\ntests/unit/arc_regression_tests.ts:115:2: error: Expected ';' after expression [TS1007]\ntests/unit/arc_regression_tests.ts:136:44: error: Expected '>' after generic type arguments [TS1007]\ntests/unit/arc_regression_tests.ts:144:2: error: Unexpected token in expression [TS1007]\ntests/unit/arc_regression_tests.ts:144:2: error: Expected ';' after expression [TS1007]\ntests/unit/arc_regression_tests.ts:149:35: note: Suggestion: Expected class member (method, property, constructor, or destructor) [TS1009_suggestion]\ntests/unit/arc_regression_tests.ts:149:35: error: Invalid declaration syntax. [TS1009]\ntests/unit/arc_regression_tests.ts:156:32: error: Expected type name [TS1007]\ntests/unit/arc_regression_tests.ts:156:32: error: Expected '>' after type arguments [TS1007]\ntests/unit/arc_regression_tests.ts:157:10: error: Unexpected token in expression [TS1007]\ntests/unit/arc_regression_tests.ts:157:10: error: Expected ';' after expression [TS1007]\ntests/unit/arc_regression_tests.ts:161:18: error: Expected property name after '.' [TS1007]\ntests/unit/arc_regression_tests.ts:161:18: error: Expected ';' after expression [TS1007]\ntests/unit/arc_regression_tests.ts:162:18: error: Expected property name after '.' [TS1007]\ntests/unit/arc_regression_tests.ts:162:18: error: Expected ';' after expression [TS1007]\ntests/unit/arc_regression_tests.ts:169:2: error: Unexpected token in expression [TS1007]\ntests/unit/arc_regression_tests.ts:169:2: error: Expected ';' after expression [TS1007]\ntests/unit/arc_regression_tests.ts:182:47: error: Expected ';' after variable declaration [TS1007]\ntests/unit/arc_regression_tests.ts:189:2: error: Unexpected token in expression [TS1007]\ntests/unit/arc_regression_tests.ts:189:2: error: Expected ';' after expression [TS1007]\ntests/unit/arc_regression_tests.ts:212:25: error: Unexpected token in expression [TS1007]\ntests/unit/arc_regression_tests.ts:212:25: error: Expected ')' after function call arguments [TS1007]\ntests/unit/arc_regression_tests.ts:216:2: error: Unexpected token in expression [TS1007]\ntests/unit/arc_regression_tests.ts:216:2: error: Expected ';' after expression [TS1007]\ntests/unit/arc_regression_tests.ts:239:30: error: Expected '>' after type arguments [TS1007]\ntests/unit/arc_regression_tests.ts:239:35: error: Expected ';' after expression [TS1007]\ntests/unit/arc_regression_tests.ts:242:6: error: Unexpected token in expression [TS1007]\ntests/unit/arc_regression_tests.ts:242:6: error: Expected ';' after expression [TS1007]\ntests/unit/arc_regression_tests.ts:249:2: error: Unexpected token in expression [TS1007]\ntests/unit/arc_regression_tests.ts:249:2: error: Expected ';' after expression [TS1007]\ntests/unit/arc_regression_tests.ts:327:14: error: Expected property name after '.' [TS1007]\ntests/unit/arc_regression_tests.ts:327:14: error: Expected ';' after expression [TS1007]\ntests/unit/arc_regression_tests.ts:328:14: error: Expected property name after '.' [TS1007]\ntests/unit/arc_regression_tests.ts:328:14: error: Expected ';' after expression [TS1007]\ntests/unit/arc_regression_tests.ts:332:2: error: Unexpected token in expression [TS1007]\ntests/unit/arc_regression_tests.ts:332:2: error: Expected ';' after expression [TS1007]\nCompilation failed: Syntax analysis failed\n\nCompilation summary: 42 error(s)\n"
    ],
    "warnings": [],
    "execution_time": 0.024593114852905273
  },
  {
    "file_path": "tests/unit/arc_tests.ts",
    "compilation_success": false,
    "execution_success": false,
    "llvm_ir_valid": false,
    "errors": [
      "Compilation failed: 'r600' is not a recognized processor for this target (ignoring processor)\n'r600' is not a recognized processor for this target (ignoring processor)\n'r600' is not a recognized processor for this target (ignoring processor)\n'r600' is not a recognized processor for this target (ignoring processor)\ntests/unit/arc_tests.ts:8:59: error: Expected property name after '.' [TS1007]\ntests/unit/arc_tests.ts:8:59: error: Expected expression in function call argument [TS1007]\ntests/unit/arc_tests.ts:8:59: error: Expected ';' after expression [TS1007]\ntests/unit/arc_tests.ts:12:59: error: Expected property name after '.' [TS1007]\ntests/unit/arc_tests.ts:12:59: error: Expected expression in function call argument [TS1007]\ntests/unit/arc_tests.ts:12:59: error: Expected ';' after expression [TS1007]\ntests/unit/arc_tests.ts:17:2: error: Unexpected token in expression [TS1007]\ntests/unit/arc_tests.ts:17:2: error: Expected ';' after expression [TS1007]\ntests/unit/arc_tests.ts:22:47: error: Expected ';' after variable declaration [TS1007]\ntests/unit/arc_tests.ts:25:44: error: Expected property name after '.' [TS1007]\ntests/unit/arc_tests.ts:25:44: error: Expected expression in function call argument [TS1007]\ntests/unit/arc_tests.ts:25:44: error: Expected ';' after expression [TS1007]\ntests/unit/arc_tests.ts:26:54: error: Expected property name after '.' [TS1007]\ntests/unit/arc_tests.ts:26:54: error: Expected expression in function call argument [TS1007]\ntests/unit/arc_tests.ts:26:54: error: Expected ';' after expression [TS1007]\ntests/unit/arc_tests.ts:27:2: error: Unexpected token in expression [TS1007]\ntests/unit/arc_tests.ts:27:2: error: Expected ';' after expression [TS1007]\ntests/unit/arc_tests.ts:35:29: error: Expected property name after '.' [TS1007]\ntests/unit/arc_tests.ts:35:29: error: Expected expression in function call argument [TS1007]\ntests/unit/arc_tests.ts:35:29: error: Expected ';' after expression [TS1007]\ntests/unit/arc_tests.ts:36:29: error: Expected property name after '.' [TS1007]\ntests/unit/arc_tests.ts:36:29: error: Expected expression in function call argument [TS1007]\ntests/unit/arc_tests.ts:36:29: error: Expected ';' after expression [TS1007]\ntests/unit/arc_tests.ts:41:29: error: Expected property name after '.' [TS1007]\ntests/unit/arc_tests.ts:41:29: error: Expected expression in function call argument [TS1007]\ntests/unit/arc_tests.ts:41:29: error: Expected ';' after expression [TS1007]\ntests/unit/arc_tests.ts:42:29: error: Expected property name after '.' [TS1007]\ntests/unit/arc_tests.ts:42:29: error: Expected expression in function call argument [TS1007]\ntests/unit/arc_tests.ts:42:29: error: Expected ';' after expression [TS1007]\ntests/unit/arc_tests.ts:43:2: error: Unexpected token in expression [TS1007]\ntests/unit/arc_tests.ts:43:2: error: Expected ';' after expression [TS1007]\ntests/unit/arc_tests.ts:59:2: error: Unexpected token in expression [TS1007]\ntests/unit/arc_tests.ts:59:2: error: Expected ';' after expression [TS1007]\ntests/unit/arc_tests.ts:72:2: error: Unexpected token in expression [TS1007]\ntests/unit/arc_tests.ts:72:2: error: Expected ';' after expression [TS1007]\ntests/unit/arc_tests.ts:126:46: error: Expected property name after '.' [TS1007]\ntests/unit/arc_tests.ts:126:46: error: Expected expression in function call argument [TS1007]\ntests/unit/arc_tests.ts:126:46: error: Expected ';' after expression [TS1007]\ntests/unit/arc_tests.ts:127:42: error: Expected property name after '.' [TS1007]\ntests/unit/arc_tests.ts:127:42: error: Expected expression in function call argument [TS1007]\ntests/unit/arc_tests.ts:127:42: error: Expected ';' after expression [TS1007]\ntests/unit/arc_tests.ts:133:42: error: Expected property name after '.' [TS1007]\ntests/unit/arc_tests.ts:133:42: error: Expected expression in function call argument [TS1007]\ntests/unit/arc_tests.ts:133:42: error: Expected ';' after expression [TS1007]\ntests/unit/arc_tests.ts:134:2: error: Unexpected token in expression [TS1007]\ntests/unit/arc_tests.ts:134:2: error: Expected ';' after expression [TS1007]\ntests/unit/arc_tests.ts:138:24: error: Expected property name after '.' [TS1007]\ntests/unit/arc_tests.ts:138:24: error: Expected ';' after variable declaration [TS1007]\ntests/unit/arc_tests.ts:141:2: error: Unexpected token in expression [TS1007]\ntests/unit/arc_tests.ts:141:2: error: Expected ';' after expression [TS1007]\ntests/unit/arc_tests.ts:148:31: error: Expected property name after '.' [TS1007]\ntests/unit/arc_tests.ts:148:31: error: Expected expression in function call argument [TS1007]\ntests/unit/arc_tests.ts:148:31: error: Expected ';' after expression [TS1007]\ntests/unit/arc_tests.ts:149:33: error: Expected property name after '.' [TS1007]\ntests/unit/arc_tests.ts:149:33: error: Expected expression in function call argument [TS1007]\ntests/unit/arc_tests.ts:149:33: error: Expected ';' after expression [TS1007]\ntests/unit/arc_tests.ts:150:2: error: Unexpected token in expression [TS1007]\ntests/unit/arc_tests.ts:150:2: error: Expected ';' after expression [TS1007]\ntests/unit/arc_tests.ts:154:37: error: Expected ';' after variable declaration [TS1007]\ntests/unit/arc_tests.ts:161:33: error: Expected '>' after type arguments [TS1007]\ntests/unit/arc_tests.ts:161:45: error: Expected ';' after expression [TS1007]\ntests/unit/arc_tests.ts:163:6: error: Unexpected token in expression [TS1007]\ntests/unit/arc_tests.ts:163:6: error: Expected ';' after expression [TS1007]\ntests/unit/arc_tests.ts:179:35: error: Expected property name after '.' [TS1007]\ntests/unit/arc_tests.ts:179:35: error: Expected ';' after return statement [TS1007]\ntests/unit/arc_tests.ts:180:6: error: Unexpected token in expression [TS1007]\ntests/unit/arc_tests.ts:180:6: error: Expected ';' after expression [TS1007]\ntests/unit/arc_tests.ts:183:35: error: Expected property name after '.' [TS1007]\ntests/unit/arc_tests.ts:183:35: error: Expected ';' after return statement [TS1007]\ntests/unit/arc_tests.ts:184:6: error: Unexpected token in expression [TS1007]\ntests/unit/arc_tests.ts:184:6: error: Expected ';' after expression [TS1007]\ntests/unit/arc_tests.ts:187:33: error: Expected property name after '.' [TS1007]\ntests/unit/arc_tests.ts:187:33: error: Expected ';' after return statement [TS1007]\ntests/unit/arc_tests.ts:188:6: error: Unexpected token in expression [TS1007]\ntests/unit/arc_tests.ts:188:6: error: Expected ';' after expression [TS1007]\nCompilation failed: Syntax analysis failed\n\nCompilation summary: 75 error(s)\n"
    ],
    "warnings": [],
    "execution_time": 0.022710800170898438
  },
  {
    "file_path": "tests/unit/array_comprehensive_unit_tests.ts",
    "compilation_success": false,
    "execution_success": false,
    "llvm_ir_valid": false,
    "errors": [
      "Compilation failed: 'r600' is not a recognized processor for this target (ignoring processor)\n'r600' is not a recognized processor for this target (ignoring processor)\n'r600' is not a recognized processor for this target (ignoring processor)\n'r600' is not a recognized processor for this target (ignoring processor)\ntests/unit/array_comprehensive_unit_tests.ts:61:37: error: Expected ';' after return statement [TS1007]\ntests/unit/array_comprehensive_unit_tests.ts:62:6: error: Unexpected token in expression [TS1007]\ntests/unit/array_comprehensive_unit_tests.ts:62:6: error: Expected ';' after expression [TS1007]\ntests/unit/array_comprehensive_unit_tests.ts:74:35: error: Expected '>' after type arguments [TS1007]\ntests/unit/array_comprehensive_unit_tests.ts:74:47: error: Expected ';' after expression [TS1007]\ntests/unit/array_comprehensive_unit_tests.ts:76:10: error: Unexpected token in expression [TS1007]\ntests/unit/array_comprehensive_unit_tests.ts:76:10: error: Expected ';' after expression [TS1007]\ntests/unit/array_comprehensive_unit_tests.ts:81:6: error: Unexpected token in expression [TS1007]\ntests/unit/array_comprehensive_unit_tests.ts:81:6: error: Expected ';' after expression [TS1007]\ntests/unit/array_comprehensive_unit_tests.ts:85:6: error: Unexpected token in expression [TS1007]\ntests/unit/array_comprehensive_unit_tests.ts:85:6: error: Expected ';' after expression [TS1007]\ntests/unit/array_comprehensive_unit_tests.ts:89:6: error: Unexpected token in expression [TS1007]\ntests/unit/array_comprehensive_unit_tests.ts:89:6: error: Expected ';' after expression [TS1007]\ntests/unit/array_comprehensive_unit_tests.ts:133:37: error: Expected ';' after return statement [TS1007]\ntests/unit/array_comprehensive_unit_tests.ts:134:6: error: Unexpected token in expression [TS1007]\ntests/unit/array_comprehensive_unit_tests.ts:134:6: error: Expected ';' after expression [TS1007]\ntests/unit/array_comprehensive_unit_tests.ts:228:37: error: Expected ';' after return statement [TS1007]\ntests/unit/array_comprehensive_unit_tests.ts:229:6: error: Unexpected token in expression [TS1007]\ntests/unit/array_comprehensive_unit_tests.ts:229:6: error: Expected ';' after expression [TS1007]\nCompilation failed: Syntax analysis failed\n\nCompilation summary: 19 error(s)\n"
    ],
    "warnings": [],
    "execution_time": 0.028506994247436523
  },
  {
    "file_path": "tests/unit/array_method_comprehensive_test.ts",
    "compilation_success": false,
    "execution_success": false,
    "llvm_ir_valid": false,
    "errors": [
      "Compilation failed: 'r600' is not a recognized processor for this target (ignoring processor)\n'r600' is not a recognized processor for this target (ignoring processor)\n'r600' is not a recognized processor for this target (ignoring processor)\n'r600' is not a recognized processor for this target (ignoring processor)\ntests/unit/array_method_comprehensive_test.ts:17:50: error: Unexpected token in expression [TS1007]\ntests/unit/array_method_comprehensive_test.ts:17:50: error: Expected expression in function call argument [TS1007]\ntests/unit/array_method_comprehensive_test.ts:17:50: error: Expected ';' after expression [TS1007]\ntests/unit/array_method_comprehensive_test.ts:21:46: error: Unexpected token in expression [TS1007]\ntests/unit/array_method_comprehensive_test.ts:21:46: error: Expected expression in function call argument [TS1007]\ntests/unit/array_method_comprehensive_test.ts:21:46: error: Expected ';' after expression [TS1007]\ntests/unit/array_method_comprehensive_test.ts:25:45: error: Unexpected token in expression [TS1007]\ntests/unit/array_method_comprehensive_test.ts:25:45: error: Expected expression in function call argument [TS1007]\ntests/unit/array_method_comprehensive_test.ts:25:45: error: Expected ';' after expression [TS1007]\ntests/unit/array_method_comprehensive_test.ts:29:47: error: Unexpected token in expression [TS1007]\ntests/unit/array_method_comprehensive_test.ts:29:47: error: Expected expression in function call argument [TS1007]\ntests/unit/array_method_comprehensive_test.ts:29:47: error: Expected ';' after expression [TS1007]\ntests/unit/array_method_comprehensive_test.ts:33:49: error: Unexpected token in expression [TS1007]\ntests/unit/array_method_comprehensive_test.ts:33:49: error: Expected expression in function call argument [TS1007]\ntests/unit/array_method_comprehensive_test.ts:33:49: error: Expected ';' after expression [TS1007]\ntests/unit/array_method_comprehensive_test.ts:44:49: error: Unexpected token in expression [TS1007]\ntests/unit/array_method_comprehensive_test.ts:44:49: error: Expected expression in function call argument [TS1007]\ntests/unit/array_method_comprehensive_test.ts:44:49: error: Expected ';' after expression [TS1007]\ntests/unit/array_method_comprehensive_test.ts:47:56: error: Expected ')' after function call arguments [TS1007]\ntests/unit/array_method_comprehensive_test.ts:48:48: error: Expected ')' after function call arguments [TS1007]\ntests/unit/array_method_comprehensive_test.ts:49:54: error: Expected ')' after function call arguments [TS1007]\ntests/unit/array_method_comprehensive_test.ts:50:50: error: Expected ')' after expression [TS1007]\ntests/unit/array_method_comprehensive_test.ts:52:64: error: Expected ')' after function call arguments [TS1007]\ntests/unit/array_method_comprehensive_test.ts:55:48: error: Unexpected token in expression [TS1007]\ntests/unit/array_method_comprehensive_test.ts:55:48: error: Expected expression in function call argument [TS1007]\ntests/unit/array_method_comprehensive_test.ts:55:48: error: Expected ';' after expression [TS1007]\ntests/unit/array_method_comprehensive_test.ts:71:60: error: Unexpected token in expression [TS1007]\ntests/unit/array_method_comprehensive_test.ts:71:60: error: Expected expression in function call argument [TS1007]\ntests/unit/array_method_comprehensive_test.ts:71:60: error: Expected ';' after expression [TS1007]\ntests/unit/array_method_comprehensive_test.ts:72:2: error: Unexpected token in expression [TS1007]\ntests/unit/array_method_comprehensive_test.ts:72:2: error: Expected ';' after expression [TS1007]\ntests/unit/array_method_comprehensive_test.ts:96:33: error: Expected type name [TS1007]\ntests/unit/array_method_comprehensive_test.ts:96:33: error: Expected ')' after method parameters [TS1007]\ntests/unit/array_method_comprehensive_test.ts:98:6: error: Unexpected token in expression [TS1007]\ntests/unit/array_method_comprehensive_test.ts:98:6: error: Expected ';' after expression [TS1007]\ntests/unit/array_method_comprehensive_test.ts:107:65: error: Expected ')' after function call arguments [TS1007]\ntests/unit/array_method_comprehensive_test.ts:115:29: error: Expected ')' after function call arguments [TS1007]\ntests/unit/array_method_comprehensive_test.ts:117:6: error: Unexpected token in expression [TS1007]\ntests/unit/array_method_comprehensive_test.ts:117:6: error: Expected ';' after expression [TS1007]\ntests/unit/array_method_comprehensive_test.ts:120:39: error: Expected ')' after function call arguments [TS1007]\ntests/unit/array_method_comprehensive_test.ts:123:40: error: Expected ')' after function call arguments [TS1007]\ntests/unit/array_method_comprehensive_test.ts:126:35: error: Expected ')' after expression [TS1007]\ntests/unit/array_method_comprehensive_test.ts:129:44: error: Expected ')' after function call arguments [TS1007]\ntests/unit/array_method_comprehensive_test.ts:130:2: error: Unexpected token in expression [TS1007]\ntests/unit/array_method_comprehensive_test.ts:130:2: error: Expected ';' after expression [TS1007]\ntests/unit/array_method_comprehensive_test.ts:151:17: error: Expected parameter name [TS1007]\ntests/unit/array_method_comprehensive_test.ts:152:34: error: Unexpected token in expression [TS1007]\ntests/unit/array_method_comprehensive_test.ts:152:34: error: Expected expression in function call argument [TS1007]\ntests/unit/array_method_comprehensive_test.ts:152:34: error: Expected ';' after return statement [TS1007]\ntests/unit/array_method_comprehensive_test.ts:153:6: error: Unexpected token in expression [TS1007]\ntests/unit/array_method_comprehensive_test.ts:153:6: error: Expected ';' after expression [TS1007]\ntests/unit/array_method_comprehensive_test.ts:157:6: error: Unexpected token in expression [TS1007]\ntests/unit/array_method_comprehensive_test.ts:157:6: error: Expected ';' after expression [TS1007]\ntests/unit/array_method_comprehensive_test.ts:161:6: error: Unexpected token in expression [TS1007]\ntests/unit/array_method_comprehensive_test.ts:161:6: error: Expected ';' after expression [TS1007]\ntests/unit/array_method_comprehensive_test.ts:164:37: error: Unexpected token in expression [TS1007]\ntests/unit/array_method_comprehensive_test.ts:164:37: error: Expected expression in function call argument [TS1007]\ntests/unit/array_method_comprehensive_test.ts:164:37: error: Expected ';' after return statement [TS1007]\ntests/unit/array_method_comprehensive_test.ts:165:6: error: Unexpected token in expression [TS1007]\ntests/unit/array_method_comprehensive_test.ts:165:6: error: Expected ';' after expression [TS1007]\ntests/unit/array_method_comprehensive_test.ts:169:6: error: Unexpected token in expression [TS1007]\ntests/unit/array_method_comprehensive_test.ts:169:6: error: Expected ';' after expression [TS1007]\ntests/unit/array_method_comprehensive_test.ts:173:6: error: Unexpected token in expression [TS1007]\ntests/unit/array_method_comprehensive_test.ts:173:6: error: Expected ';' after expression [TS1007]\ntests/unit/array_method_comprehensive_test.ts:177:6: error: Unexpected token in expression [TS1007]\ntests/unit/array_method_comprehensive_test.ts:177:6: error: Expected ';' after expression [TS1007]\ntests/unit/array_method_comprehensive_test.ts:181:6: error: Unexpected token in expression [TS1007]\ntests/unit/array_method_comprehensive_test.ts:181:6: error: Expected ';' after expression [TS1007]\ntests/unit/array_method_comprehensive_test.ts:185:6: error: Unexpected token in expression [TS1007]\ntests/unit/array_method_comprehensive_test.ts:185:6: error: Expected ';' after expression [TS1007]\ntests/unit/array_method_comprehensive_test.ts:188:56: error: Unexpected token in expression [TS1007]\ntests/unit/array_method_comprehensive_test.ts:188:56: error: Expected expression in function call argument [TS1007]\ntests/unit/array_method_comprehensive_test.ts:188:56: error: Expected ';' after return statement [TS1007]\ntests/unit/array_method_comprehensive_test.ts:189:6: error: Unexpected token in expression [TS1007]\ntests/unit/array_method_comprehensive_test.ts:189:6: error: Expected ';' after expression [TS1007]\ntests/unit/array_method_comprehensive_test.ts:192:41: error: Expected ')' after expression [TS1007]\ntests/unit/array_method_comprehensive_test.ts:193:46: error: Expected ')' after function call arguments [TS1007]\ntests/unit/array_method_comprehensive_test.ts:194:47: error: Expected ')' after function call arguments [TS1007]\ntests/unit/array_method_comprehensive_test.ts:196:21: error: Expected ':' after property name [TS1007]\ntests/unit/array_method_comprehensive_test.ts:197:6: error: Unexpected token in expression [TS1007]\ntests/unit/array_method_comprehensive_test.ts:197:6: error: Expected ';' after expression [TS1007]\ntests/unit/array_method_comprehensive_test.ts:216:22: error: Expected ')' after function call arguments [TS1007]\ntests/unit/array_method_comprehensive_test.ts:238:79: error: Expected ')' after function call arguments [TS1007]\ntests/unit/array_method_comprehensive_test.ts:247:21: error: Expected ')' after function call arguments [TS1007]\ntests/unit/array_method_comprehensive_test.ts:257:26: error: Expected ')' after function call arguments [TS1007]\ntests/unit/array_method_comprehensive_test.ts:267:85: error: Expected ')' after function call arguments [TS1007]\ntests/unit/array_method_comprehensive_test.ts:275:80: error: Expected ')' after function call arguments [TS1007]\ntests/unit/array_method_comprehensive_test.ts:301:11: error: Unexpected token in expression [TS1007]\ntests/unit/array_method_comprehensive_test.ts:301:11: error: Expected expression in function call argument [TS1007]\ntests/unit/array_method_comprehensive_test.ts:301:11: error: Expected ';' after expression [TS1007]\ntests/unit/array_method_comprehensive_test.ts:323:20: error: Expected ')' after function call arguments [TS1007]\ntests/unit/array_method_comprehensive_test.ts:334:21: error: Expected ')' after function call arguments [TS1007]\ntests/unit/array_method_comprehensive_test.ts:344:66: error: Unexpected token in expression [TS1007]\ntests/unit/array_method_comprehensive_test.ts:344:66: error: Expected expression in function call argument [TS1007]\ntests/unit/array_method_comprehensive_test.ts:344:66: error: Expected ';' after expression [TS1007]\nCompilation failed: Syntax analysis failed\n\nCompilation summary: 95 error(s)\n"
    ],
    "warnings": [],
    "execution_time": 0.02853250503540039
  },
  {
    "file_path": "tests/unit/array_method_regression_tests.ts",
    "compilation_success": false,
    "execution_success": false,
    "llvm_ir_valid": false,
    "errors": [
      "Compilation failed: 'r600' is not a recognized processor for this target (ignoring processor)\n'r600' is not a recognized processor for this target (ignoring processor)\n'r600' is not a recognized processor for this target (ignoring processor)\n'r600' is not a recognized processor for this target (ignoring processor)\ntests/unit/array_method_regression_tests.ts:92:26: warning: Captured variable: arr in function: processArray\ntests/unit/array_method_regression_tests.ts:96:33: warning: Captured variable: arr in function: processGenericArray\ntests/unit/array_method_regression_tests.ts:102:46: note: Suggestion: Consider using type 'T[]' instead of 'number[]' [TS2001_suggestion]\ntests/unit/array_method_regression_tests.ts:102:46: error: Type 'number[]' is not assignable to type 'T[]'. [TS2001]\ntests/unit/array_method_regression_tests.ts:120:32: warning: Captured variable: items in function: createGenericArray\ntests/unit/array_method_regression_tests.ts:126:43: note: Suggestion: Consider using type 'T[]' instead of 'boolean[]' [TS2001_suggestion]\ntests/unit/array_method_regression_tests.ts:126:43: error: Type 'boolean[]' is not assignable to type 'T[]'. [TS2001]\ntests/unit/array_method_regression_tests.ts:147:24: note: Suggestion: Consider using type 'void' instead of 'number' [TS2001_suggestion]\ntests/unit/array_method_regression_tests.ts:147:24: error: Type 'number' is not assignable to type 'void'. [TS2001]\ntests/unit/array_method_regression_tests.ts:151:24: note: Suggestion: Consider using type 'void' instead of 'number' [TS2001_suggestion]\ntests/unit/array_method_regression_tests.ts:151:24: error: Type 'number' is not assignable to type 'void'. [TS2001]\ntests/unit/array_method_regression_tests.ts:161:41: warning: Captured variable: initialItems in function: testExistingArrayGenericClasses\ntests/unit/array_method_regression_tests.ts:172:24: note: Suggestion: Consider using type 'void' instead of 'number' [TS2001_suggestion]\ntests/unit/array_method_regression_tests.ts:172:24: error: Type 'number' is not assignable to type 'void'. [TS2001]\ntests/unit/array_method_regression_tests.ts:176:24: note: Suggestion: Consider using type 'void' instead of 'T[]' [TS2001_suggestion]\ntests/unit/array_method_regression_tests.ts:176:24: error: Type 'T[]' is not assignable to type 'void'. [TS2001]\ntests/unit/array_method_regression_tests.ts:201:34: warning: Captured variable: _print in function: processInferredArray\ntests/unit/array_method_regression_tests.ts:201:34: warning: Captured variable: arr in function: processInferredArray\ntests/unit/array_method_regression_tests.ts:96:35: warning: Unused T:  of type T [TS6001]\ntests/unit/array_method_regression_tests.ts:120:34: warning: Unused T:  of type T [TS6001]\ntests/unit/array_method_regression_tests.ts:137:10: warning: Unused TestClass: class of type TestClass [TS6001]\ntests/unit/array_method_regression_tests.ts:150:25: warning: Unused getStringsLength:  of type () => number [TS6001]\ntests/unit/array_method_regression_tests.ts:146:25: warning: Unused getNumbersLength:  of type () => number [TS6001]\ntests/unit/array_method_regression_tests.ts:146:25: warning: Unused constructor:  of type () => void [TS6001]\ntests/unit/array_method_regression_tests.ts:139:16: warning: Unused strings:  of type string[] [TS6001]\ntests/unit/array_method_regression_tests.ts:138:16: warning: Unused numbers:  of type number[] [TS6001]\ntests/unit/array_method_regression_tests.ts:164:10: warning: Unused GenericContainer: class of type GenericContainer [TS6001]\ntests/unit/array_method_regression_tests.ts:175:17: warning: Unused getItems:  of type () => T[] [TS6001]\ntests/unit/array_method_regression_tests.ts:171:18: warning: Unused getLength:  of type () => number [TS6001]\ntests/unit/array_method_regression_tests.ts:171:18: warning: Unused constructor:  of type (initialItems: T[]) => void [TS6001]\ntests/unit/array_method_regression_tests.ts:165:14: warning: Unused items:  of type T[] [TS6001]\ntests/unit/array_method_regression_tests.ts:164:30: warning: Unused T:  of type T [TS6001]\ntests/unit/array_method_regression_tests.ts:28:40: error: Array elements must have the same type\ntests/unit/array_method_regression_tests.ts:228:19: error: Undefined variable: runRegressionTests\nerror: LLVM module verification failed: Instruction has a name, but provides a void value!\n  %call_result = call void null()\n\nCompilation failed: Code generation failed\n\nCompilation summary: 9 error(s), 20 warning(s)\n"
    ],
    "warnings": [],
    "execution_time": 0.023557424545288086
  },
  {
    "file_path": "tests/unit/array_element_access_test.ts",
    "compilation_success": true,
    "execution_success": true,
    "llvm_ir_valid": true,
    "errors": [],
    "warnings": [],
    "execution_time": 0.04075264930725098
  },
  {
    "file_path": "tests/unit/array_initialization_test.ts",
    "compilation_success": false,
    "execution_success": false,
    "llvm_ir_valid": false,
    "errors": [
      "Compilation failed: 'r600' is not a recognized processor for this target (ignoring processor)\n'r600' is not a recognized processor for this target (ignoring processor)\n'r600' is not a recognized processor for this target (ignoring processor)\n'r600' is not a recognized processor for this target (ignoring processor)\n"
    ],
    "warnings": [],
    "execution_time": 0.10083937644958496
  },
  {
    "file_path": "tests/unit/array_edge_cases_test.ts",
    "compilation_success": false,
    "execution_success": false,
    "llvm_ir_valid": false,
    "errors": [
      "Compilation failed: 'r600' is not a recognized processor for this target (ignoring processor)\n'r600' is not a recognized processor for this target (ignoring processor)\n'r600' is not a recognized processor for this target (ignoring processor)\n'r600' is not a recognized processor for this target (ignoring processor)\n"
    ],
    "warnings": [],
    "execution_time": 0.15476703643798828
  }
]