FAILED: ./test_generic_class_method.ts
FAILED: ./test_generic_class_decl.ts
FAILED: ./test_simple_generic_codegen.ts
FAILED: ./test_advanced_generics_constraints.ts
FAILED: ./test_exceptions_with_runtime.ts
FAILED: ./build/src/CMakeFiles/tsc_lib.dir/compiler_depend.ts
FAILED: ./build/CMakeFiles/ARMTargetParserTableGen.dir/compiler_depend.ts
FAILED: ./build/CMakeFiles/vt_gen.dir/compiler_depend.ts
FAILED: ./build/CMakeFiles/RISCVTargetParserTableGen.dir/compiler_depend.ts
FAILED: ./build/CMakeFiles/tsc.dir/compiler_depend.ts
FAILED: ./build/CMakeFiles/AArch64TargetParserTableGen.dir/compiler_depend.ts
FAILED: ./build/CMakeFiles/omp_gen.dir/compiler_depend.ts
FAILED: ./build/CMakeFiles/intrinsics_gen.dir/compiler_depend.ts
FAILED: ./build/CMakeFiles/acc_gen.dir/compiler_depend.ts
FAILED: ./test_debug_types.ts
FAILED: ./test_simple_exceptions.ts
FAILED: ./test_type_parameter_resolution.ts
FAILED: ./test_generic_minimal.ts
FAILED: ./tests/integration_samples/generic_edge_cases.ts
FAILED: ./tests/integration_samples/generic_string_concat.ts
FAILED: ./tests/integration_samples/generic_advanced_features.ts
FAILED: ./tests/integration_samples/generic_property_access.ts
FAILED: ./test_advanced_generics.ts
FAILED: ./test_constrained_type_parameter.ts
FAILED: ./test_exception_handling.ts
FAILED: ./feature_test.ts
FAILED: ./test_comprehensive_comparisons.ts
FAILED: ./examples/mixed_access.ts
FAILED: ./examples/objects_ast_only.ts
FAILED: ./examples/function_simple.ts
FAILED: ./examples/arrays_ast_only.ts
FAILED: ./examples/catch_no_param.ts
FAILED: ./examples/throw_simple.ts
FAILED: ./examples/parser_test.ts
FAILED: ./examples/demo.ts
FAILED: ./examples/arrays_literal_only.ts
FAILED: ./examples/simple_call_fixed.ts
FAILED: ./examples/try_simple.ts
FAILED: ./examples/simple_call.ts
FAILED: ./examples/return_test.ts
FAILED: ./examples/try_catch_test.ts
FAILED: ./examples/objects_complex.ts
FAILED: ./examples/objects_simple.ts
FAILED: ./examples/loops_test.ts
FAILED: ./examples/throw_test.ts
FAILED: ./examples/semantic_test.ts
FAILED: ./examples/debug_array.ts
FAILED: ./examples/objects_test.ts
FAILED: ./examples/switch_ast_only.ts
FAILED: ./examples/validation/02_variables_simple.ts
FAILED: ./examples/validation/07_objects.ts
FAILED: ./examples/validation/04_functions_decl.ts
FAILED: ./examples/validation/08_edge_cases.ts
FAILED: ./examples/validation/03_expressions_basic.ts
FAILED: ./examples/validation/06_arrays.ts
FAILED: ./examples/validation/03_expressions.ts
FAILED: ./examples/validation/06_arrays_simple.ts
FAILED: ./examples/validation/03_expressions_fixed.ts
FAILED: ./examples/validation/04_functions.ts
FAILED: ./examples/phase3_demo.ts
FAILED: ./examples/catch_simple.ts
FAILED: ./test_basic_class.ts
FAILED: ./test_parser_improvements.ts
FAILED: ./test_regression_type_parameter_substitution.ts
FAILED: ./test_generic_class_property.ts
FAILED: ./test_generic_simple.ts
FAILED: ./test_simple_generic_class.ts
FAILED: ./test_simple_generics.ts
FAILED: ./test_simple_type_parameter.ts
